[     126ms] [LOG] [Fast Refresh] rebuilding @ http://localhost:3000/_next/static/chunks/node_modules_next_dist_f3530cac._.js:2297
[     382ms] [LOG] [Fast Refresh] done in 358ms @ http://localhost:3000/_next/static/chunks/node_modules_next_dist_f3530cac._.js:2297
[     476ms] [INFO] %cDownload the React DevTools for a better development experience: https://react.dev/link/react-devtools font-weight:bold @ http://localhost:3000/_next/static/chunks/node_modules_next_dist_f3530cac._.js:2297
[     499ms] [WARNING] %c%s%c [33m[1m⚠[22m[39m metadataBase property in metadata export is not set for resolving social open graph or twitter images, using "http://localhost:3000". See https://nextjs.org/docs/app/api-reference/functions/generate-metadata#metadatabase background: #e6e6e6;background: light-dark(rgba(0,0,0,0.1), rgba(255,255,255,0.25));color: #000000;color: light-dark(#000000, #ffffff);border-radius: 2px  Server   @ http://localhost:3000/_next/static/chunks/node_modules_next_dist_f3530cac._.js:2297
[     547ms] [LOG] [HMR] connected @ http://localhost:3000/_next/static/chunks/node_modules_next_dist_f3530cac._.js:2297
[     764ms] [LOG] [Fast Refresh] rebuilding @ http://localhost:3000/_next/static/chunks/node_modules_next_dist_f3530cac._.js:2297
[     764ms] [LOG] [Fast Refresh] done in 119ms @ http://localhost:3000/_next/static/chunks/node_modules_next_dist_f3530cac._.js:2297
[    1283ms] [WARNING] Icon "Megaphone" not found in iconMap @ http://localhost:3000/_next/static/chunks/node_modules_next_dist_f3530cac._.js:2297
[    1283ms] [WARNING] Icon "Megaphone" not found in iconMap @ http://localhost:3000/_next/static/chunks/node_modules_next_dist_f3530cac._.js:2297
[    1290ms] [WARNING] Icon "Megaphone" not found in iconMap @ http://localhost:3000/_next/static/chunks/node_modules_next_dist_f3530cac._.js:2297
[    1290ms] [WARNING] Icon "Megaphone" not found in iconMap @ http://localhost:3000/_next/static/chunks/node_modules_next_dist_f3530cac._.js:2297
[    1449ms] [WARNING] Icon "Lightbulb" not found in iconMap @ http://localhost:3000/_next/static/chunks/node_modules_next_dist_f3530cac._.js:2297
[    1449ms] [WARNING] Icon "Lightbulb" not found in iconMap @ http://localhost:3000/_next/static/chunks/node_modules_next_dist_f3530cac._.js:2297
[    1503ms] [WARNING] Icon "Wifi" not found in iconMap @ http://localhost:3000/_next/static/chunks/node_modules_next_dist_f3530cac._.js:2297
[    1503ms] [WARNING] Icon "Wifi" not found in iconMap @ http://localhost:3000/_next/static/chunks/node_modules_next_dist_f3530cac._.js:2297
[    1504ms] [WARNING] Icon "Languages" not found in iconMap @ http://localhost:3000/_next/static/chunks/node_modules_next_dist_f3530cac._.js:2297
[    1504ms] [WARNING] Icon "Languages" not found in iconMap @ http://localhost:3000/_next/static/chunks/node_modules_next_dist_f3530cac._.js:2297
[   14163ms] [LOG] [Fast Refresh] rebuilding @ http://localhost:3000/_next/static/chunks/node_modules_next_dist_f3530cac._.js:2297
[   14178ms] [LOG] [Fast Refresh] done in 122ms @ http://localhost:3000/_next/static/chunks/node_modules_next_dist_f3530cac._.js:2297
[   70719ms] [LOG] [Fast Refresh] rebuilding @ http://localhost:3000/_next/static/chunks/node_modules_next_dist_f3530cac._.js:2297
[   71919ms] [LOG] [Fast Refresh] done in 1302ms @ http://localhost:3000/_next/static/chunks/node_modules_next_dist_f3530cac._.js:2297
[   72020ms] [LOG] [Fast Refresh] rebuilding @ http://localhost:3000/_next/static/chunks/node_modules_next_dist_f3530cac._.js:2297
[   72120ms] [LOG] [Fast Refresh] done in 202ms @ http://localhost:3000/_next/static/chunks/node_modules_next_dist_f3530cac._.js:2297
[  401511ms] [LOG] [Fast Refresh] rebuilding @ http://localhost:3000/_next/static/chunks/node_modules_next_dist_f3530cac._.js:2297
[  401523ms] [WARNING] Icon "Megaphone" not found in iconMap @ http://localhost:3000/_next/static/chunks/node_modules_next_dist_f3530cac._.js:2297
[  401523ms] [WARNING] Icon "Megaphone" not found in iconMap @ http://localhost:3000/_next/static/chunks/node_modules_next_dist_f3530cac._.js:2297
[  401529ms] [WARNING] Icon "Megaphone" not found in iconMap @ http://localhost:3000/_next/static/chunks/node_modules_next_dist_f3530cac._.js:2297
[  401529ms] [WARNING] Icon "Megaphone" not found in iconMap @ http://localhost:3000/_next/static/chunks/node_modules_next_dist_f3530cac._.js:2297
[  401539ms] [LOG] [Fast Refresh] done in 106ms @ http://localhost:3000/_next/static/chunks/node_modules_next_dist_f3530cac._.js:2297
[  411085ms] [LOG] [Fast Refresh] rebuilding @ http://localhost:3000/_next/static/chunks/node_modules_next_dist_f3530cac._.js:2297
[  411095ms] [WARNING] Icon "Megaphone" not found in iconMap @ http://localhost:3000/_next/static/chunks/node_modules_next_dist_f3530cac._.js:2297
[  411095ms] [WARNING] Icon "Megaphone" not found in iconMap @ http://localhost:3000/_next/static/chunks/node_modules_next_dist_f3530cac._.js:2297
[  411101ms] [WARNING] Icon "Megaphone" not found in iconMap @ http://localhost:3000/_next/static/chunks/node_modules_next_dist_f3530cac._.js:2297
[  411101ms] [WARNING] Icon "Megaphone" not found in iconMap @ http://localhost:3000/_next/static/chunks/node_modules_next_dist_f3530cac._.js:2297
[  411110ms] [LOG] [Fast Refresh] done in 81ms @ http://localhost:3000/_next/static/chunks/node_modules_next_dist_f3530cac._.js:2297
[  420176ms] [LOG] [Fast Refresh] rebuilding @ http://localhost:3000/_next/static/chunks/node_modules_next_dist_f3530cac._.js:2297
[  420187ms] [WARNING] Icon "Megaphone" not found in iconMap @ http://localhost:3000/_next/static/chunks/node_modules_next_dist_f3530cac._.js:2297
[  420187ms] [WARNING] Icon "Megaphone" not found in iconMap @ http://localhost:3000/_next/static/chunks/node_modules_next_dist_f3530cac._.js:2297
[  420194ms] [WARNING] Icon "Megaphone" not found in iconMap @ http://localhost:3000/_next/static/chunks/node_modules_next_dist_f3530cac._.js:2297
[  420194ms] [WARNING] Icon "Megaphone" not found in iconMap @ http://localhost:3000/_next/static/chunks/node_modules_next_dist_f3530cac._.js:2297
[  420203ms] [LOG] [Fast Refresh] done in 90ms @ http://localhost:3000/_next/static/chunks/node_modules_next_dist_f3530cac._.js:2297
