[     134ms] [LOG] [Fast Refresh] rebuilding @ http://localhost:3000/_next/static/chunks/node_modules_next_dist_f3530cac._.js:2297
[     551ms] [LOG] [Fast Refresh] done in 521ms @ http://localhost:3000/_next/static/chunks/node_modules_next_dist_f3530cac._.js:2297
[     747ms] [INFO] %cDownload the React DevTools for a better development experience: https://react.dev/link/react-devtools font-weight:bold @ http://localhost:3000/_next/static/chunks/node_modules_next_dist_f3530cac._.js:2297
[     759ms] [WARNING] %c%s%c [33m[1m⚠[22m[39m metadataBase property in metadata export is not set for resolving social open graph or twitter images, using "http://localhost:3000". See https://nextjs.org/docs/app/api-reference/functions/generate-metadata#metadatabase background: #e6e6e6;background: light-dark(rgba(0,0,0,0.1), rgba(255,255,255,0.25));color: #000000;color: light-dark(#000000, #ffffff);border-radius: 2px  Server   @ http://localhost:3000/_next/static/chunks/node_modules_next_dist_f3530cac._.js:2297
[     839ms] [LOG] [HMR] connected @ http://localhost:3000/_next/static/chunks/node_modules_next_dist_f3530cac._.js:2297
[    1525ms] [WARNING] Icon "Megaphone" not found in iconMap @ http://localhost:3000/_next/static/chunks/node_modules_next_dist_f3530cac._.js:2297
[    1525ms] [WARNING] Icon "Megaphone" not found in iconMap @ http://localhost:3000/_next/static/chunks/node_modules_next_dist_f3530cac._.js:2297
[    1645ms] [WARNING] Icon "Lightbulb" not found in iconMap @ http://localhost:3000/_next/static/chunks/node_modules_next_dist_f3530cac._.js:2297
[    1645ms] [WARNING] Icon "Lightbulb" not found in iconMap @ http://localhost:3000/_next/static/chunks/node_modules_next_dist_f3530cac._.js:2297
[    1741ms] [WARNING] Icon "Wifi" not found in iconMap @ http://localhost:3000/_next/static/chunks/node_modules_next_dist_f3530cac._.js:2297
[    1741ms] [WARNING] Icon "Wifi" not found in iconMap @ http://localhost:3000/_next/static/chunks/node_modules_next_dist_f3530cac._.js:2297
[    1742ms] [WARNING] Icon "Languages" not found in iconMap @ http://localhost:3000/_next/static/chunks/node_modules_next_dist_f3530cac._.js:2297
[    1742ms] [WARNING] Icon "Languages" not found in iconMap @ http://localhost:3000/_next/static/chunks/node_modules_next_dist_f3530cac._.js:2297
[   14138ms] [LOG] [Fast Refresh] rebuilding @ http://localhost:3000/_next/static/chunks/node_modules_next_dist_f3530cac._.js:2297
[   14149ms] [LOG] [Fast Refresh] done in 118ms @ http://localhost:3000/_next/static/chunks/node_modules_next_dist_f3530cac._.js:2297
[  266329ms] [LOG] [Fast Refresh] rebuilding @ http://localhost:3000/_next/static/chunks/node_modules_next_dist_f3530cac._.js:2297
[  266439ms] [LOG] [Fast Refresh] done in 163ms @ http://localhost:3000/_next/static/chunks/node_modules_next_dist_f3530cac._.js:2297
[  266912ms] [WARNING] Icon "Megaphone" not found in iconMap @ http://localhost:3000/_next/static/chunks/node_modules_next_dist_f3530cac._.js:2297
[  266912ms] [WARNING] Icon "Megaphone" not found in iconMap @ http://localhost:3000/_next/static/chunks/node_modules_next_dist_f3530cac._.js:2297
[  266918ms] [WARNING] Icon "Megaphone" not found in iconMap @ http://localhost:3000/_next/static/chunks/node_modules_next_dist_f3530cac._.js:2297
[  266918ms] [WARNING] Icon "Megaphone" not found in iconMap @ http://localhost:3000/_next/static/chunks/node_modules_next_dist_f3530cac._.js:2297
