[     125ms] [LOG] [Fast Refresh] rebuilding @ http://localhost:3000/_next/static/chunks/node_modules_next_dist_f3530cac._.js:2297
[     317ms] [LOG] [Fast Refresh] done in 298ms @ http://localhost:3000/_next/static/chunks/node_modules_next_dist_f3530cac._.js:2297
[     434ms] [INFO] %cDownload the React DevTools for a better development experience: https://react.dev/link/react-devtools font-weight:bold @ http://localhost:3000/_next/static/chunks/node_modules_next_dist_f3530cac._.js:2297
[     455ms] [WARNING] %c%s%c [33m[1m⚠[22m[39m metadataBase property in metadata export is not set for resolving social open graph or twitter images, using "http://localhost:3000". See https://nextjs.org/docs/app/api-reference/functions/generate-metadata#metadatabase background: #e6e6e6;background: light-dark(rgba(0,0,0,0.1), rgba(255,255,255,0.25));color: #000000;color: light-dark(#000000, #ffffff);border-radius: 2px  Server   @ http://localhost:3000/_next/static/chunks/node_modules_next_dist_f3530cac._.js:2297
[     499ms] [LOG] [HMR] connected @ http://localhost:3000/_next/static/chunks/node_modules_next_dist_f3530cac._.js:2297
[    1213ms] [WARNING] Icon "Megaphone" not found in iconMap @ http://localhost:3000/_next/static/chunks/node_modules_next_dist_f3530cac._.js:2297
[    1213ms] [WARNING] Icon "Megaphone" not found in iconMap @ http://localhost:3000/_next/static/chunks/node_modules_next_dist_f3530cac._.js:2297
[    1222ms] [WARNING] Icon "Megaphone" not found in iconMap @ http://localhost:3000/_next/static/chunks/node_modules_next_dist_f3530cac._.js:2297
[    1222ms] [WARNING] Icon "Megaphone" not found in iconMap @ http://localhost:3000/_next/static/chunks/node_modules_next_dist_f3530cac._.js:2297
[    1371ms] [WARNING] Icon "Lightbulb" not found in iconMap @ http://localhost:3000/_next/static/chunks/node_modules_next_dist_f3530cac._.js:2297
[    1372ms] [WARNING] Icon "Lightbulb" not found in iconMap @ http://localhost:3000/_next/static/chunks/node_modules_next_dist_f3530cac._.js:2297
[    1470ms] [WARNING] Icon "Wifi" not found in iconMap @ http://localhost:3000/_next/static/chunks/node_modules_next_dist_f3530cac._.js:2297
[    1471ms] [WARNING] Icon "Wifi" not found in iconMap @ http://localhost:3000/_next/static/chunks/node_modules_next_dist_f3530cac._.js:2297
[    1472ms] [WARNING] Icon "Languages" not found in iconMap @ http://localhost:3000/_next/static/chunks/node_modules_next_dist_f3530cac._.js:2297
[    1472ms] [WARNING] Icon "Languages" not found in iconMap @ http://localhost:3000/_next/static/chunks/node_modules_next_dist_f3530cac._.js:2297
[   66958ms] [LOG] [Fast Refresh] rebuilding @ http://localhost:3000/_next/static/chunks/node_modules_next_dist_f3530cac._.js:2297
[   66973ms] [WARNING] Icon "Megaphone" not found in iconMap @ http://localhost:3000/_next/static/chunks/node_modules_next_dist_f3530cac._.js:2297
[   66974ms] [WARNING] Icon "Megaphone" not found in iconMap @ http://localhost:3000/_next/static/chunks/node_modules_next_dist_f3530cac._.js:2297
[   66985ms] [WARNING] Icon "Megaphone" not found in iconMap @ http://localhost:3000/_next/static/chunks/node_modules_next_dist_f3530cac._.js:2297
[   66985ms] [WARNING] Icon "Megaphone" not found in iconMap @ http://localhost:3000/_next/static/chunks/node_modules_next_dist_f3530cac._.js:2297
[   67000ms] [LOG] [Fast Refresh] done in 78ms @ http://localhost:3000/_next/static/chunks/node_modules_next_dist_f3530cac._.js:2297
[   77433ms] [LOG] [Fast Refresh] rebuilding @ http://localhost:3000/_next/static/chunks/node_modules_next_dist_f3530cac._.js:2297
[   77447ms] [WARNING] Icon "Megaphone" not found in iconMap @ http://localhost:3000/_next/static/chunks/node_modules_next_dist_f3530cac._.js:2297
[   77447ms] [WARNING] Icon "Megaphone" not found in iconMap @ http://localhost:3000/_next/static/chunks/node_modules_next_dist_f3530cac._.js:2297
[   77459ms] [WARNING] Icon "Megaphone" not found in iconMap @ http://localhost:3000/_next/static/chunks/node_modules_next_dist_f3530cac._.js:2297
[   77459ms] [WARNING] Icon "Megaphone" not found in iconMap @ http://localhost:3000/_next/static/chunks/node_modules_next_dist_f3530cac._.js:2297
[   77473ms] [LOG] [Fast Refresh] done in 83ms @ http://localhost:3000/_next/static/chunks/node_modules_next_dist_f3530cac._.js:2297
