[     120ms] [LOG] [Fast Refresh] rebuilding @ http://localhost:3000/_next/static/chunks/node_modules_next_dist_f3530cac._.js:2297
[     257ms] [LOG] [Fast Refresh] done in 240ms @ http://localhost:3000/_next/static/chunks/node_modules_next_dist_f3530cac._.js:2297
[     462ms] [INFO] %cDownload the React DevTools for a better development experience: https://react.dev/link/react-devtools font-weight:bold @ http://localhost:3000/_next/static/chunks/node_modules_next_dist_f3530cac._.js:2297
[     477ms] [WARNING] %c%s%c [33m[1m⚠[22m[39m metadataBase property in metadata export is not set for resolving social open graph or twitter images, using "http://localhost:3000". See https://nextjs.org/docs/app/api-reference/functions/generate-metadata#metadatabase background: #e6e6e6;background: light-dark(rgba(0,0,0,0.1), rgba(255,255,255,0.25));color: #000000;color: light-dark(#000000, #ffffff);border-radius: 2px  Server   @ http://localhost:3000/_next/static/chunks/node_modules_next_dist_f3530cac._.js:2297
[     587ms] [LOG] [HMR] connected @ http://localhost:3000/_next/static/chunks/node_modules_next_dist_f3530cac._.js:2297
[     787ms] [LOG] [Fast Refresh] rebuilding @ http://localhost:3000/_next/static/chunks/node_modules_next_dist_f3530cac._.js:2297
[     787ms] [LOG] [Fast Refresh] done in 117ms @ http://localhost:3000/_next/static/chunks/node_modules_next_dist_f3530cac._.js:2297
[    1336ms] [WARNING] Icon "Megaphone" not found in iconMap, using fallback @ http://localhost:3000/_next/static/chunks/node_modules_next_dist_f3530cac._.js:2297
[    1336ms] [WARNING] Icon "Megaphone" not found in iconMap, using fallback @ http://localhost:3000/_next/static/chunks/node_modules_next_dist_f3530cac._.js:2297
[    1345ms] [WARNING] Icon "Megaphone" not found in iconMap, using fallback @ http://localhost:3000/_next/static/chunks/node_modules_next_dist_f3530cac._.js:2297
[    1346ms] [WARNING] Icon "Megaphone" not found in iconMap, using fallback @ http://localhost:3000/_next/static/chunks/node_modules_next_dist_f3530cac._.js:2297
[    1521ms] [WARNING] Icon "Lightbulb" not found in iconMap, using fallback @ http://localhost:3000/_next/static/chunks/node_modules_next_dist_f3530cac._.js:2297
[    1521ms] [WARNING] Icon "Lightbulb" not found in iconMap, using fallback @ http://localhost:3000/_next/static/chunks/node_modules_next_dist_f3530cac._.js:2297
[    1580ms] [WARNING] Icon "Wifi" not found in iconMap, using fallback @ http://localhost:3000/_next/static/chunks/node_modules_next_dist_f3530cac._.js:2297
[    1580ms] [WARNING] Icon "Wifi" not found in iconMap, using fallback @ http://localhost:3000/_next/static/chunks/node_modules_next_dist_f3530cac._.js:2297
[    1581ms] [WARNING] Icon "Languages" not found in iconMap, using fallback @ http://localhost:3000/_next/static/chunks/node_modules_next_dist_f3530cac._.js:2297
[    1581ms] [WARNING] Icon "Languages" not found in iconMap, using fallback @ http://localhost:3000/_next/static/chunks/node_modules_next_dist_f3530cac._.js:2297
[    1620ms] [WARNING] Icon "Wifi" not found in iconMap, using fallback @ http://localhost:3000/_next/static/chunks/node_modules_next_dist_f3530cac._.js:2297
[    1620ms] [WARNING] Icon "Wifi" not found in iconMap, using fallback @ http://localhost:3000/_next/static/chunks/node_modules_next_dist_f3530cac._.js:2297
[    1621ms] [WARNING] Icon "Languages" not found in iconMap, using fallback @ http://localhost:3000/_next/static/chunks/node_modules_next_dist_f3530cac._.js:2297
[    1621ms] [WARNING] Icon "Languages" not found in iconMap, using fallback @ http://localhost:3000/_next/static/chunks/node_modules_next_dist_f3530cac._.js:2297
[    1638ms] [WARNING] Icon "Wifi" not found in iconMap, using fallback @ http://localhost:3000/_next/static/chunks/node_modules_next_dist_f3530cac._.js:2297
[    1638ms] [WARNING] Icon "Wifi" not found in iconMap, using fallback @ http://localhost:3000/_next/static/chunks/node_modules_next_dist_f3530cac._.js:2297
[    1640ms] [WARNING] Icon "Languages" not found in iconMap, using fallback @ http://localhost:3000/_next/static/chunks/node_modules_next_dist_f3530cac._.js:2297
[    1640ms] [WARNING] Icon "Languages" not found in iconMap, using fallback @ http://localhost:3000/_next/static/chunks/node_modules_next_dist_f3530cac._.js:2297
[    6606ms] [WARNING] Icon "Wifi" not found in iconMap, using fallback @ http://localhost:3000/_next/static/chunks/node_modules_next_dist_f3530cac._.js:2297
[    6606ms] [WARNING] Icon "Wifi" not found in iconMap, using fallback @ http://localhost:3000/_next/static/chunks/node_modules_next_dist_f3530cac._.js:2297
[    6607ms] [WARNING] Icon "Languages" not found in iconMap, using fallback @ http://localhost:3000/_next/static/chunks/node_modules_next_dist_f3530cac._.js:2297
[    6607ms] [WARNING] Icon "Languages" not found in iconMap, using fallback @ http://localhost:3000/_next/static/chunks/node_modules_next_dist_f3530cac._.js:2297
[   11611ms] [WARNING] Icon "Wifi" not found in iconMap, using fallback @ http://localhost:3000/_next/static/chunks/node_modules_next_dist_f3530cac._.js:2297
[   11611ms] [WARNING] Icon "Wifi" not found in iconMap, using fallback @ http://localhost:3000/_next/static/chunks/node_modules_next_dist_f3530cac._.js:2297
[   11612ms] [WARNING] Icon "Languages" not found in iconMap, using fallback @ http://localhost:3000/_next/static/chunks/node_modules_next_dist_f3530cac._.js:2297
[   11612ms] [WARNING] Icon "Languages" not found in iconMap, using fallback @ http://localhost:3000/_next/static/chunks/node_modules_next_dist_f3530cac._.js:2297
[   16612ms] [WARNING] Icon "Wifi" not found in iconMap, using fallback @ http://localhost:3000/_next/static/chunks/node_modules_next_dist_f3530cac._.js:2297
[   16612ms] [WARNING] Icon "Wifi" not found in iconMap, using fallback @ http://localhost:3000/_next/static/chunks/node_modules_next_dist_f3530cac._.js:2297
[   16613ms] [WARNING] Icon "Languages" not found in iconMap, using fallback @ http://localhost:3000/_next/static/chunks/node_modules_next_dist_f3530cac._.js:2297
[   16613ms] [WARNING] Icon "Languages" not found in iconMap, using fallback @ http://localhost:3000/_next/static/chunks/node_modules_next_dist_f3530cac._.js:2297
[   21614ms] [WARNING] Icon "Wifi" not found in iconMap, using fallback @ http://localhost:3000/_next/static/chunks/node_modules_next_dist_f3530cac._.js:2297
[   21614ms] [WARNING] Icon "Wifi" not found in iconMap, using fallback @ http://localhost:3000/_next/static/chunks/node_modules_next_dist_f3530cac._.js:2297
[   21615ms] [WARNING] Icon "Languages" not found in iconMap, using fallback @ http://localhost:3000/_next/static/chunks/node_modules_next_dist_f3530cac._.js:2297
[   21615ms] [WARNING] Icon "Languages" not found in iconMap, using fallback @ http://localhost:3000/_next/static/chunks/node_modules_next_dist_f3530cac._.js:2297
[   26617ms] [WARNING] Icon "Wifi" not found in iconMap, using fallback @ http://localhost:3000/_next/static/chunks/node_modules_next_dist_f3530cac._.js:2297
[   26617ms] [WARNING] Icon "Wifi" not found in iconMap, using fallback @ http://localhost:3000/_next/static/chunks/node_modules_next_dist_f3530cac._.js:2297
[   26618ms] [WARNING] Icon "Languages" not found in iconMap, using fallback @ http://localhost:3000/_next/static/chunks/node_modules_next_dist_f3530cac._.js:2297
[   26618ms] [WARNING] Icon "Languages" not found in iconMap, using fallback @ http://localhost:3000/_next/static/chunks/node_modules_next_dist_f3530cac._.js:2297
[   31619ms] [WARNING] Icon "Wifi" not found in iconMap, using fallback @ http://localhost:3000/_next/static/chunks/node_modules_next_dist_f3530cac._.js:2297
[   31619ms] [WARNING] Icon "Wifi" not found in iconMap, using fallback @ http://localhost:3000/_next/static/chunks/node_modules_next_dist_f3530cac._.js:2297
[   31620ms] [WARNING] Icon "Languages" not found in iconMap, using fallback @ http://localhost:3000/_next/static/chunks/node_modules_next_dist_f3530cac._.js:2297
[   31620ms] [WARNING] Icon "Languages" not found in iconMap, using fallback @ http://localhost:3000/_next/static/chunks/node_modules_next_dist_f3530cac._.js:2297
[   36622ms] [WARNING] Icon "Wifi" not found in iconMap, using fallback @ http://localhost:3000/_next/static/chunks/node_modules_next_dist_f3530cac._.js:2297
[   36622ms] [WARNING] Icon "Wifi" not found in iconMap, using fallback @ http://localhost:3000/_next/static/chunks/node_modules_next_dist_f3530cac._.js:2297
[   36623ms] [WARNING] Icon "Languages" not found in iconMap, using fallback @ http://localhost:3000/_next/static/chunks/node_modules_next_dist_f3530cac._.js:2297
[   36623ms] [WARNING] Icon "Languages" not found in iconMap, using fallback @ http://localhost:3000/_next/static/chunks/node_modules_next_dist_f3530cac._.js:2297
[   41623ms] [WARNING] Icon "Wifi" not found in iconMap, using fallback @ http://localhost:3000/_next/static/chunks/node_modules_next_dist_f3530cac._.js:2297
[   41623ms] [WARNING] Icon "Wifi" not found in iconMap, using fallback @ http://localhost:3000/_next/static/chunks/node_modules_next_dist_f3530cac._.js:2297
[   41624ms] [WARNING] Icon "Languages" not found in iconMap, using fallback @ http://localhost:3000/_next/static/chunks/node_modules_next_dist_f3530cac._.js:2297
[   41624ms] [WARNING] Icon "Languages" not found in iconMap, using fallback @ http://localhost:3000/_next/static/chunks/node_modules_next_dist_f3530cac._.js:2297
[   46624ms] [WARNING] Icon "Wifi" not found in iconMap, using fallback @ http://localhost:3000/_next/static/chunks/node_modules_next_dist_f3530cac._.js:2297
[   46624ms] [WARNING] Icon "Wifi" not found in iconMap, using fallback @ http://localhost:3000/_next/static/chunks/node_modules_next_dist_f3530cac._.js:2297
[   46625ms] [WARNING] Icon "Languages" not found in iconMap, using fallback @ http://localhost:3000/_next/static/chunks/node_modules_next_dist_f3530cac._.js:2297
[   46625ms] [WARNING] Icon "Languages" not found in iconMap, using fallback @ http://localhost:3000/_next/static/chunks/node_modules_next_dist_f3530cac._.js:2297
[   51496ms] [LOG] [Fast Refresh] rebuilding @ http://localhost:3000/_next/static/chunks/node_modules_next_dist_f3530cac._.js:2297
[   51516ms] [WARNING] Icon "Megaphone" not found in iconMap, using fallback @ http://localhost:3000/_next/static/chunks/node_modules_next_dist_f3530cac._.js:2297
[   51516ms] [WARNING] Icon "Megaphone" not found in iconMap, using fallback @ http://localhost:3000/_next/static/chunks/node_modules_next_dist_f3530cac._.js:2297
[   51522ms] [WARNING] Icon "Megaphone" not found in iconMap, using fallback @ http://localhost:3000/_next/static/chunks/node_modules_next_dist_f3530cac._.js:2297
[   51523ms] [WARNING] Icon "Megaphone" not found in iconMap, using fallback @ http://localhost:3000/_next/static/chunks/node_modules_next_dist_f3530cac._.js:2297
[   51535ms] [WARNING] Icon "Wifi" not found in iconMap, using fallback @ http://localhost:3000/_next/static/chunks/node_modules_next_dist_f3530cac._.js:2297
[   51536ms] [WARNING] Icon "Wifi" not found in iconMap, using fallback @ http://localhost:3000/_next/static/chunks/node_modules_next_dist_f3530cac._.js:2297
[   51537ms] [WARNING] Icon "Languages" not found in iconMap, using fallback @ http://localhost:3000/_next/static/chunks/node_modules_next_dist_f3530cac._.js:2297
[   51537ms] [WARNING] Icon "Languages" not found in iconMap, using fallback @ http://localhost:3000/_next/static/chunks/node_modules_next_dist_f3530cac._.js:2297
[   51592ms] [WARNING] Icon "Lightbulb" not found in iconMap, using fallback @ http://localhost:3000/_next/static/chunks/node_modules_next_dist_f3530cac._.js:2297
[   51592ms] [WARNING] Icon "Lightbulb" not found in iconMap, using fallback @ http://localhost:3000/_next/static/chunks/node_modules_next_dist_f3530cac._.js:2297
[   51615ms] [LOG] [Fast Refresh] done in 86ms @ http://localhost:3000/_next/static/chunks/node_modules_next_dist_f3530cac._.js:2297
[   51632ms] [WARNING] Icon "Wifi" not found in iconMap, using fallback @ http://localhost:3000/_next/static/chunks/node_modules_next_dist_f3530cac._.js:2297
[   51632ms] [WARNING] Icon "Wifi" not found in iconMap, using fallback @ http://localhost:3000/_next/static/chunks/node_modules_next_dist_f3530cac._.js:2297
[   51633ms] [WARNING] Icon "Languages" not found in iconMap, using fallback @ http://localhost:3000/_next/static/chunks/node_modules_next_dist_f3530cac._.js:2297
[   51633ms] [WARNING] Icon "Languages" not found in iconMap, using fallback @ http://localhost:3000/_next/static/chunks/node_modules_next_dist_f3530cac._.js:2297
[   56630ms] [WARNING] Icon "Wifi" not found in iconMap, using fallback @ http://localhost:3000/_next/static/chunks/node_modules_next_dist_f3530cac._.js:2297
[   56630ms] [WARNING] Icon "Wifi" not found in iconMap, using fallback @ http://localhost:3000/_next/static/chunks/node_modules_next_dist_f3530cac._.js:2297
[   56631ms] [WARNING] Icon "Languages" not found in iconMap, using fallback @ http://localhost:3000/_next/static/chunks/node_modules_next_dist_f3530cac._.js:2297
[   56631ms] [WARNING] Icon "Languages" not found in iconMap, using fallback @ http://localhost:3000/_next/static/chunks/node_modules_next_dist_f3530cac._.js:2297
[   61150ms] [LOG] [Fast Refresh] rebuilding @ http://localhost:3000/_next/static/chunks/node_modules_next_dist_f3530cac._.js:2297
[   61323ms] [LOG] [Fast Refresh] done in 164ms @ http://localhost:3000/_next/static/chunks/node_modules_next_dist_f3530cac._.js:2297
[   78253ms] [LOG] [Fast Refresh] rebuilding @ http://localhost:3000/_next/static/chunks/node_modules_next_dist_f3530cac._.js:2297
[   78261ms] [LOG] [Fast Refresh] done in 111ms @ http://localhost:3000/_next/static/chunks/node_modules_next_dist_f3530cac._.js:2297
